2024-03-13 04:44:43,283 INFO Error 'int' object is not callable while fetching data from https://www.alphavantage.co/query
2024-03-13 04:46:30,265 INFO Starting data transformation......
2024-03-13 04:46:30,372 INFO Transformations on               open    high     low   close
date                                      
2024-03-12  173.15  174.03  171.01  173.23
2024-03-11  172.94  174.38  172.05  172.75
2024-03-08  169.00  173.70  168.94  170.73
2024-03-07  169.15  170.73  168.49  169.00
2024-03-06  171.06  171.24  168.68  169.12
...            ...     ...     ...     ...
1999-11-05   84.62   88.37   84.00   88.31
1999-11-04   82.06   85.37   80.62   83.62
1999-11-03   81.62   83.25   81.00   81.50
1999-11-02   78.00   81.69   77.31   80.25
1999-11-01   80.00   80.69   77.37   77.62

[6129 rows x 4 columns], complete, rows : 6129, columns : 4
2024-03-13 04:50:01,176 INFO Error 'int' object is not callable while fetching data from https://www.alphavantage.co/query
2024-03-13 04:50:01,185 INFO Starting data transformation......
2024-03-13 04:50:01,203 INFO Transformations on               open     high     low   close
date                                       
2024-03-12  173.50  176.760  171.98  175.39
2024-03-11  174.31  174.470  171.47  171.96
2024-03-08  176.44  178.785  174.33  175.35
2024-03-07  174.83  177.990  173.72  176.82
2024-03-06  175.54  176.460  173.26  173.51
...            ...      ...     ...     ...
1999-11-05   64.75   65.500   62.25   64.94
1999-11-04   67.19   67.190   61.00   63.06
1999-11-03   68.19   68.500   65.00   65.81
1999-11-02   69.75   70.000   65.06   66.44
1999-11-01   68.06   71.880   66.31   69.13

[6129 rows x 4 columns], complete, rows : 6129, columns : 4
2024-03-13 04:51:24,161 INFO Error 'int' object is not callable while fetching data from https://www.alphavantage.co/query
2024-03-13 04:51:24,169 INFO Starting data transformation......
2024-03-13 04:51:24,186 INFO Transformations on               open     high     low   close
date                                       
2024-03-12  173.50  176.760  171.98  175.39
2024-03-11  174.31  174.470  171.47  171.96
2024-03-08  176.44  178.785  174.33  175.35
2024-03-07  174.83  177.990  173.72  176.82
2024-03-06  175.54  176.460  173.26  173.51
...            ...      ...     ...     ...
1999-11-05   64.75   65.500   62.25   64.94
1999-11-04   67.19   67.190   61.00   63.06
1999-11-03   68.19   68.500   65.00   65.81
1999-11-02   69.75   70.000   65.06   66.44
1999-11-01   68.06   71.880   66.31   69.13

[6129 rows x 4 columns], complete, rows : 6129, columns : 4
2024-03-13 04:51:40,724 INFO Error 'int' object is not callable while fetching data from https://www.alphavantage.co/query
2024-03-13 04:51:40,971 INFO Starting data transformation......
2024-03-13 04:51:40,985 INFO Transformations on               open     high     low   close
date                                       
2024-03-12  173.50  176.760  171.98  175.39
2024-03-11  174.31  174.470  171.47  171.96
2024-03-08  176.44  178.785  174.33  175.35
2024-03-07  174.83  177.990  173.72  176.82
2024-03-06  175.54  176.460  173.26  173.51
...            ...      ...     ...     ...
1999-11-05   64.75   65.500   62.25   64.94
1999-11-04   67.19   67.190   61.00   63.06
1999-11-03   68.19   68.500   65.00   65.81
1999-11-02   69.75   70.000   65.06   66.44
1999-11-01   68.06   71.880   66.31   69.13

[6129 rows x 4 columns], complete, rows : 6129, columns : 4
